  [1m[35m (1.8ms)[0m  [1m[34mSELECT sqlite_version(*)[0m
  [1m[35m (1.1ms)[0m  [1m[35mCREATE TABLE "schema_migrations" ("version" varchar NOT NULL PRIMARY KEY)[0m
  [1m[35m (1.2ms)[0m  [1m[35mCREATE TABLE "ar_internal_metadata" ("key" varchar NOT NULL PRIMARY KEY, "value" varchar, "created_at" datetime(6) NOT NULL, "updated_at" datetime(6) NOT NULL)[0m
  [1m[35m (0.2ms)[0m  [1m[34mSELECT "schema_migrations"."version" FROM "schema_migrations" ORDER BY "schema_migrations"."version" ASC[0m
Migrating to CreateUsers (20200605195808)
  [1m[35m (0.1ms)[0m  [1m[36mbegin transaction[0m
  [1m[35m (0.5ms)[0m  [1m[35mCREATE TABLE "users" ("id" integer PRIMARY KEY AUTOINCREMENT NOT NULL, "username" varchar, "password_digest" varchar, "address" varchar, "email" varchar)[0m
  [1m[36mprimary::SchemaMigration Create (0.2ms)[0m  [1m[32mINSERT INTO "schema_migrations" ("version") VALUES (?)[0m  [["version", "20200605195808"]]
  [1m[35m (0.8ms)[0m  [1m[36mcommit transaction[0m
Migrating to CreateBookings (20200605195949)
  [1m[35m (0.0ms)[0m  [1m[36mbegin transaction[0m
  [1m[35m (0.4ms)[0m  [1m[35mCREATE TABLE "bookings" ("id" integer PRIMARY KEY AUTOINCREMENT NOT NULL, "user_id" integer, "pet_id" integer, "services" varchar, "client_notes" varchar, "arrival" datetime, "departure" datetime, "fee" integer)[0m
  [1m[36mprimary::SchemaMigration Create (0.1ms)[0m  [1m[32mINSERT INTO "schema_migrations" ("version") VALUES (?)[0m  [["version", "20200605195949"]]
  [1m[35m (1.0ms)[0m  [1m[36mcommit transaction[0m
Migrating to CreatePets (20200605200133)
  [1m[35m (0.1ms)[0m  [1m[36mbegin transaction[0m
  [1m[35m (0.4ms)[0m  [1m[35mCREATE TABLE "pets" ("id" integer PRIMARY KEY AUTOINCREMENT NOT NULL, "user_id" integer, "name" varchar, "pet_type" varchar, "breed" varchar, "size" varchar, "image" varchar)[0m
  [1m[36mprimary::SchemaMigration Create (0.3ms)[0m  [1m[32mINSERT INTO "schema_migrations" ("version") VALUES (?)[0m  [["version", "20200605200133"]]
  [1m[35m (0.8ms)[0m  [1m[36mcommit transaction[0m
Migrating to CreateReviews (20200605200240)
  [1m[35m (0.2ms)[0m  [1m[36mbegin transaction[0m
  [1m[35m (0.9ms)[0m  [1m[35mCREATE TABLE "reviews" ("id" integer PRIMARY KEY AUTOINCREMENT NOT NULL, "user_id" integer, "text" varchar)[0m
  [1m[36mprimary::SchemaMigration Create (0.2ms)[0m  [1m[32mINSERT INTO "schema_migrations" ("version") VALUES (?)[0m  [["version", "20200605200240"]]
  [1m[35m (0.8ms)[0m  [1m[36mcommit transaction[0m
  [1m[36mActiveRecord::InternalMetadata Load (0.2ms)[0m  [1m[34mSELECT "ar_internal_metadata".* FROM "ar_internal_metadata" WHERE "ar_internal_metadata"."key" = ? LIMIT ?[0m  [["key", "environment"], ["LIMIT", 1]]
  [1m[35m (0.1ms)[0m  [1m[36mbegin transaction[0m
  [1m[36mActiveRecord::InternalMetadata Create (0.3ms)[0m  [1m[32mINSERT INTO "ar_internal_metadata" ("key", "value", "created_at", "updated_at") VALUES (?, ?, ?, ?)[0m  [["key", "environment"], ["value", "development"], ["created_at", "2020-06-05 20:05:13.051153"], ["updated_at", "2020-06-05 20:05:13.051153"]]
  [1m[35m (0.5ms)[0m  [1m[36mcommit transaction[0m
  [1m[35m (0.1ms)[0m  [1m[34mSELECT sqlite_version(*)[0m
  [1m[35m (0.2ms)[0m  [1m[34mSELECT "schema_migrations"."version" FROM "schema_migrations" ORDER BY "schema_migrations"."version" ASC[0m
  [1m[35m (0.9ms)[0m  [1m[34mSELECT sqlite_version(*)[0m
  [1m[35m (0.4ms)[0m  [1m[34mSELECT "schema_migrations"."version" FROM "schema_migrations" ORDER BY "schema_migrations"."version" ASC[0m
  [1m[35m (0.0ms)[0m  [1m[34mSELECT sqlite_version(*)[0m
  [1m[36mUser Load (0.4ms)[0m  [1m[34mSELECT "users".* FROM "users"[0m
  [1m[36mBooking Load (0.2ms)[0m  [1m[34mSELECT "bookings".* FROM "bookings"[0m
  [1m[36mPet Load (0.3ms)[0m  [1m[34mSELECT "pets".* FROM "pets"[0m
  [1m[36mReview Load (0.1ms)[0m  [1m[34mSELECT "reviews".* FROM "reviews"[0m
  [1m[35m (0.0ms)[0m  [1m[36mbegin transaction[0m
  [1m[36mUser Create (0.7ms)[0m  [1m[32mINSERT INTO "users" ("username", "password_digest", "address", "email") VALUES (?, ?, ?, ?)[0m  [["username", "Myrtice"], ["password_digest", "123"], ["address", "7535 Jone Trail, McClureville, SD 15546"], ["email", "rich@jacobi.io"]]
  [1m[35m (0.7ms)[0m  [1m[36mcommit transaction[0m
  [1m[35m (0.0ms)[0m  [1m[36mbegin transaction[0m
  [1m[36mUser Create (0.3ms)[0m  [1m[32mINSERT INTO "users" ("username", "password_digest", "address", "email") VALUES (?, ?, ?, ?)[0m  [["username", "Saul"], ["password_digest", "123"], ["address", "Apt. 309 71414 Major Port, West Estell, NJ 12938-2660"], ["email", "matthew@cole.info"]]
  [1m[35m (0.8ms)[0m  [1m[36mcommit transaction[0m
  [1m[35m (0.0ms)[0m  [1m[36mbegin transaction[0m
  [1m[36mUser Create (0.3ms)[0m  [1m[32mINSERT INTO "users" ("username", "password_digest", "address", "email") VALUES (?, ?, ?, ?)[0m  [["username", "Malorie"], ["password_digest", "123"], ["address", "Suite 772 688 Weimann Flat, North Dorsey, AZ 21661-9420"], ["email", "eleonore.kub@wilderman.co"]]
  [1m[35m (0.6ms)[0m  [1m[36mcommit transaction[0m
  [1m[36mUser Load (0.2ms)[0m  [1m[34mSELECT "users".* FROM "users"[0m
  [1m[35m (0.1ms)[0m  [1m[36mbegin transaction[0m
  [1m[36mUser Load (0.2ms)[0m  [1m[34mSELECT "users".* FROM "users" WHERE "users"."id" = ? LIMIT ?[0m  [["id", 2], ["LIMIT", 1]]
  [1m[36mPet Create (0.3ms)[0m  [1m[32mINSERT INTO "pets" ("user_id", "name", "pet_type", "breed", "size", "image") VALUES (?, ?, ?, ?, ?, ?)[0m  [["user_id", 2], ["name", "churro"], ["pet_type", "Dog"], ["breed", "chihuahua"], ["size", "small"], ["image", "https://encrypted-tbn0.gstatic.com/images?q=tbn%3AANd9GcTW9Y3IBK8fed90Tk7-ZNhsDpoUpbj-n2jxy6KI096p-gI7WYNp&usqp=CAU"]]
  [1m[35m (0.5ms)[0m  [1m[36mcommit transaction[0m
  [1m[36mUser Load (0.1ms)[0m  [1m[34mSELECT "users".* FROM "users"[0m
  [1m[35m (0.0ms)[0m  [1m[36mbegin transaction[0m
  [1m[36mUser Load (0.1ms)[0m  [1m[34mSELECT "users".* FROM "users" WHERE "users"."id" = ? LIMIT ?[0m  [["id", 3], ["LIMIT", 1]]
  [1m[36mPet Create (0.3ms)[0m  [1m[32mINSERT INTO "pets" ("user_id", "name", "pet_type", "breed", "size", "image") VALUES (?, ?, ?, ?, ?, ?)[0m  [["user_id", 3], ["name", "Dali"], ["pet_type", "Dog"], ["breed", "podengo"], ["size", "small"], ["image", "https://encrypted-tbn0.gstatic.com/images?q=tbn%3AANd9GcTW9Y3IBK8fed90Tk7-ZNhsDpoUpbj-n2jxy6KI096p-gI7WYNp&usqp=CAU"]]
  [1m[35m (0.6ms)[0m  [1m[36mcommit transaction[0m
  [1m[36mUser Load (0.1ms)[0m  [1m[34mSELECT "users".* FROM "users"[0m
  [1m[35m (0.0ms)[0m  [1m[36mbegin transaction[0m
  [1m[36mUser Load (0.1ms)[0m  [1m[34mSELECT "users".* FROM "users" WHERE "users"."id" = ? LIMIT ?[0m  [["id", 2], ["LIMIT", 1]]
  [1m[36mPet Create (0.4ms)[0m  [1m[32mINSERT INTO "pets" ("user_id", "name", "pet_type", "breed", "size", "image") VALUES (?, ?, ?, ?, ?, ?)[0m  [["user_id", 2], ["name", "Grump"], ["pet_type", "Cat"], ["breed", "maloroto"], ["size", "small"], ["image", "https://encrypted-tbn0.gstatic.com/images?q=tbn%3AANd9GcTW9Y3IBK8fed90Tk7-ZNhsDpoUpbj-n2jxy6KI096p-gI7WYNp&usqp=CAU"]]
  [1m[35m (0.7ms)[0m  [1m[36mcommit transaction[0m
  [1m[36mUser Load (0.1ms)[0m  [1m[34mSELECT "users".* FROM "users"[0m
  [1m[36mPet Load (0.1ms)[0m  [1m[34mSELECT "pets".* FROM "pets"[0m
  [1m[35m (0.0ms)[0m  [1m[36mbegin transaction[0m
  [1m[36mUser Load (0.1ms)[0m  [1m[34mSELECT "users".* FROM "users" WHERE "users"."id" = ? LIMIT ?[0m  [["id", 3], ["LIMIT", 1]]
  [1m[36mPet Load (0.1ms)[0m  [1m[34mSELECT "pets".* FROM "pets" WHERE "pets"."id" = ? LIMIT ?[0m  [["id", 1], ["LIMIT", 1]]
  [1m[36mBooking Create (0.3ms)[0m  [1m[32mINSERT INTO "bookings" ("user_id", "pet_id", "services", "client_notes", "fee") VALUES (?, ?, ?, ?, ?)[0m  [["user_id", 3], ["pet_id", 1], ["services", "platinum"], ["client_notes", "awesome"], ["fee", 10]]
  [1m[35m (0.5ms)[0m  [1m[36mcommit transaction[0m
  [1m[36mUser Load (0.1ms)[0m  [1m[34mSELECT "users".* FROM "users"[0m
  [1m[36mPet Load (0.1ms)[0m  [1m[34mSELECT "pets".* FROM "pets"[0m
  [1m[35m (0.0ms)[0m  [1m[36mbegin transaction[0m
  [1m[36mUser Load (0.1ms)[0m  [1m[34mSELECT "users".* FROM "users" WHERE "users"."id" = ? LIMIT ?[0m  [["id", 2], ["LIMIT", 1]]
  [1m[36mPet Load (0.1ms)[0m  [1m[34mSELECT "pets".* FROM "pets" WHERE "pets"."id" = ? LIMIT ?[0m  [["id", 1], ["LIMIT", 1]]
  [1m[36mBooking Create (0.4ms)[0m  [1m[32mINSERT INTO "bookings" ("user_id", "pet_id", "services", "client_notes", "fee") VALUES (?, ?, ?, ?, ?)[0m  [["user_id", 2], ["pet_id", 1], ["services", "gold"], ["client_notes", "nahh"], ["fee", 10]]
  [1m[35m (0.7ms)[0m  [1m[36mcommit transaction[0m
  [1m[36mUser Load (0.1ms)[0m  [1m[34mSELECT "users".* FROM "users"[0m
  [1m[35m (0.0ms)[0m  [1m[36mbegin transaction[0m
  [1m[36mUser Load (0.1ms)[0m  [1m[34mSELECT "users".* FROM "users" WHERE "users"."id" = ? LIMIT ?[0m  [["id", 3], ["LIMIT", 1]]
  [1m[36mReview Create (0.4ms)[0m  [1m[32mINSERT INTO "reviews" ("user_id", "text") VALUES (?, ?)[0m  [["user_id", 3], ["text", "Me encanto este lugar"]]
  [1m[35m (0.8ms)[0m  [1m[36mcommit transaction[0m
  [1m[36mUser Load (0.2ms)[0m  [1m[34mSELECT "users".* FROM "users"[0m
  [1m[35m (0.0ms)[0m  [1m[36mbegin transaction[0m
  [1m[36mUser Load (0.1ms)[0m  [1m[34mSELECT "users".* FROM "users" WHERE "users"."id" = ? LIMIT ?[0m  [["id", 2], ["LIMIT", 1]]
  [1m[36mReview Create (0.3ms)[0m  [1m[32mINSERT INTO "reviews" ("user_id", "text") VALUES (?, ?)[0m  [["user_id", 2], ["text", "Odio este lugar"]]
  [1m[35m (0.6ms)[0m  [1m[36mcommit transaction[0m
  [1m[35m (0.8ms)[0m  [1m[34mSELECT sqlite_version(*)[0m
  [1m[36mUser Load (0.6ms)[0m  [1m[34mSELECT "users".* FROM "users" LIMIT ?[0m  [["LIMIT", 11]]
  [1m[36mPet Load (0.7ms)[0m  [1m[34mSELECT "pets".* FROM "pets" LIMIT ?[0m  [["LIMIT", 11]]
  [1m[36mBooking Load (0.7ms)[0m  [1m[34mSELECT "bookings".* FROM "bookings" LIMIT ?[0m  [["LIMIT", 11]]
  [1m[36mReview Load (0.8ms)[0m  [1m[34mSELECT "reviews".* FROM "reviews" LIMIT ?[0m  [["LIMIT", 11]]
  [1m[36mUser Load (0.2ms)[0m  [1m[34mSELECT "users".* FROM "users" LIMIT ?[0m  [["LIMIT", 11]]
  [1m[35m (1.3ms)[0m  [1m[34mSELECT sqlite_version(*)[0m
  [1m[36mUser Load (0.6ms)[0m  [1m[34mSELECT "users".* FROM "users" LIMIT ?[0m  [["LIMIT", 11]]
  [1m[36mUser Load (0.5ms)[0m  [1m[34mSELECT "users".* FROM "users"[0m
  [1m[36mUser Load (0.3ms)[0m  [1m[34mSELECT "users".* FROM "users"[0m
  [1m[36mUser Load (0.2ms)[0m  [1m[34mSELECT "users".* FROM "users"[0m
  [1m[36mUser Load (0.2ms)[0m  [1m[34mSELECT "users".* FROM "users"[0m
  [1m[35m (0.3ms)[0m  [1m[34mSELECT sqlite_version(*)[0m
  [1m[35m (0.3ms)[0m  [1m[34mSELECT "schema_migrations"."version" FROM "schema_migrations" ORDER BY "schema_migrations"."version" ASC[0m
  [1m[35m (0.0ms)[0m  [1m[34mSELECT sqlite_version(*)[0m
  [1m[36mUser Load (0.2ms)[0m  [1m[34mSELECT "users".* FROM "users"[0m
  [1m[35m (0.1ms)[0m  [1m[36mbegin transaction[0m
  [1m[36mUser Destroy (0.4ms)[0m  [1m[31mDELETE FROM "users" WHERE "users"."id" = ?[0m  [["id", 1]]
  [1m[35m (0.6ms)[0m  [1m[36mcommit transaction[0m
  [1m[35m (0.0ms)[0m  [1m[36mbegin transaction[0m
  [1m[36mUser Destroy (0.3ms)[0m  [1m[31mDELETE FROM "users" WHERE "users"."id" = ?[0m  [["id", 2]]
  [1m[35m (0.5ms)[0m  [1m[36mcommit transaction[0m
  [1m[35m (0.0ms)[0m  [1m[36mbegin transaction[0m
  [1m[36mUser Destroy (0.2ms)[0m  [1m[31mDELETE FROM "users" WHERE "users"."id" = ?[0m  [["id", 3]]
  [1m[35m (0.7ms)[0m  [1m[36mcommit transaction[0m
  [1m[36mBooking Load (0.5ms)[0m  [1m[34mSELECT "bookings".* FROM "bookings"[0m
  [1m[35m (0.0ms)[0m  [1m[36mbegin transaction[0m
  [1m[36mBooking Destroy (0.2ms)[0m  [1m[31mDELETE FROM "bookings" WHERE "bookings"."id" = ?[0m  [["id", 1]]
  [1m[35m (0.6ms)[0m  [1m[36mcommit transaction[0m
  [1m[35m (0.0ms)[0m  [1m[36mbegin transaction[0m
  [1m[36mBooking Destroy (0.2ms)[0m  [1m[31mDELETE FROM "bookings" WHERE "bookings"."id" = ?[0m  [["id", 2]]
  [1m[35m (0.5ms)[0m  [1m[36mcommit transaction[0m
  [1m[36mPet Load (0.5ms)[0m  [1m[34mSELECT "pets".* FROM "pets"[0m
  [1m[35m (0.0ms)[0m  [1m[36mbegin transaction[0m
  [1m[36mPet Destroy (0.3ms)[0m  [1m[31mDELETE FROM "pets" WHERE "pets"."id" = ?[0m  [["id", 1]]
  [1m[35m (0.5ms)[0m  [1m[36mcommit transaction[0m
  [1m[35m (0.0ms)[0m  [1m[36mbegin transaction[0m
  [1m[36mPet Destroy (0.2ms)[0m  [1m[31mDELETE FROM "pets" WHERE "pets"."id" = ?[0m  [["id", 2]]
  [1m[35m (0.7ms)[0m  [1m[36mcommit transaction[0m
  [1m[35m (0.0ms)[0m  [1m[36mbegin transaction[0m
  [1m[36mPet Destroy (0.3ms)[0m  [1m[31mDELETE FROM "pets" WHERE "pets"."id" = ?[0m  [["id", 3]]
  [1m[35m (0.7ms)[0m  [1m[36mcommit transaction[0m
  [1m[36mReview Load (0.1ms)[0m  [1m[34mSELECT "reviews".* FROM "reviews"[0m
  [1m[35m (0.0ms)[0m  [1m[36mbegin transaction[0m
  [1m[36mReview Destroy (0.3ms)[0m  [1m[31mDELETE FROM "reviews" WHERE "reviews"."id" = ?[0m  [["id", 1]]
  [1m[35m (0.7ms)[0m  [1m[36mcommit transaction[0m
  [1m[35m (0.0ms)[0m  [1m[36mbegin transaction[0m
  [1m[36mReview Destroy (0.3ms)[0m  [1m[31mDELETE FROM "reviews" WHERE "reviews"."id" = ?[0m  [["id", 2]]
  [1m[35m (0.7ms)[0m  [1m[36mcommit transaction[0m
  [1m[35m (0.1ms)[0m  [1m[36mbegin transaction[0m
  [1m[36mUser Create (0.8ms)[0m  [1m[32mINSERT INTO "users" ("username", "password_digest", "address", "email") VALUES (?, ?, ?, ?)[0m  [["username", "Himelda"], ["password_digest", "123"], ["address", "Apt. 715 75093 Beer Plaza, New Lloydfort, MO 89475"], ["email", "jay@bogisich-king.info"]]
  [1m[35m (0.6ms)[0m  [1m[36mcommit transaction[0m
  [1m[35m (0.0ms)[0m  [1m[36mbegin transaction[0m
  [1m[36mUser Create (0.3ms)[0m  [1m[32mINSERT INTO "users" ("username", "password_digest", "address", "email") VALUES (?, ?, ?, ?)[0m  [["username", "Luciano"], ["password_digest", "123"], ["address", "194 Ida Summit, North Gilbertburgh, CT 52954-3546"], ["email", "loren@corwin-dubuque.co"]]
  [1m[35m (0.8ms)[0m  [1m[36mcommit transaction[0m
  [1m[35m (0.0ms)[0m  [1m[36mbegin transaction[0m
  [1m[36mUser Create (0.3ms)[0m  [1m[32mINSERT INTO "users" ("username", "password_digest", "address", "email") VALUES (?, ?, ?, ?)[0m  [["username", "Adolfo"], ["password_digest", "123"], ["address", "Apt. 616 926 Satterfield Ranch, Andreasside, NV 87689-2257"], ["email", "dan.hilpert@feest.info"]]
  [1m[35m (0.7ms)[0m  [1m[36mcommit transaction[0m
  [1m[35m (0.1ms)[0m  [1m[36mbegin transaction[0m
  [1m[36mUser Load (0.1ms)[0m  [1m[34mSELECT "users".* FROM "users" WHERE "users"."id" = ? LIMIT ?[0m  [["id", 4], ["LIMIT", 1]]
  [1m[36mPet Create (0.3ms)[0m  [1m[32mINSERT INTO "pets" ("user_id", "name", "pet_type", "breed", "size", "image") VALUES (?, ?, ?, ?, ?, ?)[0m  [["user_id", 4], ["name", "churro"], ["pet_type", "Dog"], ["breed", "chihuahua"], ["size", "small"], ["image", "https://encrypted-tbn0.gstatic.com/images?q=tbn%3AANd9GcTW9Y3IBK8fed90Tk7-ZNhsDpoUpbj-n2jxy6KI096p-gI7WYNp&usqp=CAU"]]
  [1m[35m (0.7ms)[0m  [1m[36mcommit transaction[0m
  [1m[36mUser Load (0.2ms)[0m  [1m[34mSELECT "users".* FROM "users"[0m
  [1m[35m (0.0ms)[0m  [1m[36mbegin transaction[0m
  [1m[36mUser Load (0.1ms)[0m  [1m[34mSELECT "users".* FROM "users" WHERE "users"."id" = ? LIMIT ?[0m  [["id", 6], ["LIMIT", 1]]
  [1m[36mPet Create (0.3ms)[0m  [1m[32mINSERT INTO "pets" ("user_id", "name", "pet_type", "breed", "size", "image") VALUES (?, ?, ?, ?, ?, ?)[0m  [["user_id", 6], ["name", "Dali"], ["pet_type", "Dog"], ["breed", "podengo"], ["size", "small"], ["image", "https://encrypted-tbn0.gstatic.com/images?q=tbn%3AANd9GcTW9Y3IBK8fed90Tk7-ZNhsDpoUpbj-n2jxy6KI096p-gI7WYNp&usqp=CAU"]]
  [1m[35m (0.5ms)[0m  [1m[36mcommit transaction[0m
  [1m[36mUser Load (0.1ms)[0m  [1m[34mSELECT "users".* FROM "users"[0m
  [1m[35m (0.0ms)[0m  [1m[36mbegin transaction[0m
  [1m[36mUser Load (0.1ms)[0m  [1m[34mSELECT "users".* FROM "users" WHERE "users"."id" = ? LIMIT ?[0m  [["id", 5], ["LIMIT", 1]]
  [1m[36mPet Create (0.3ms)[0m  [1m[32mINSERT INTO "pets" ("user_id", "name", "pet_type", "breed", "size", "image") VALUES (?, ?, ?, ?, ?, ?)[0m  [["user_id", 5], ["name", "Grump"], ["pet_type", "Cat"], ["breed", "maloroto"], ["size", "small"], ["image", "https://encrypted-tbn0.gstatic.com/images?q=tbn%3AANd9GcTW9Y3IBK8fed90Tk7-ZNhsDpoUpbj-n2jxy6KI096p-gI7WYNp&usqp=CAU"]]
  [1m[35m (0.5ms)[0m  [1m[36mcommit transaction[0m
  [1m[36mUser Load (0.1ms)[0m  [1m[34mSELECT "users".* FROM "users"[0m
  [1m[36mPet Load (0.1ms)[0m  [1m[34mSELECT "pets".* FROM "pets"[0m
  [1m[35m (0.0ms)[0m  [1m[36mbegin transaction[0m
  [1m[36mUser Load (0.1ms)[0m  [1m[34mSELECT "users".* FROM "users" WHERE "users"."id" = ? LIMIT ?[0m  [["id", 4], ["LIMIT", 1]]
  [1m[36mPet Load (0.1ms)[0m  [1m[34mSELECT "pets".* FROM "pets" WHERE "pets"."id" = ? LIMIT ?[0m  [["id", 5], ["LIMIT", 1]]
  [1m[36mBooking Create (0.3ms)[0m  [1m[32mINSERT INTO "bookings" ("user_id", "pet_id", "services", "client_notes", "fee") VALUES (?, ?, ?, ?, ?)[0m  [["user_id", 4], ["pet_id", 5], ["services", "platinum"], ["client_notes", "awesome"], ["fee", 10]]
  [1m[35m (0.7ms)[0m  [1m[36mcommit transaction[0m
  [1m[36mUser Load (0.1ms)[0m  [1m[34mSELECT "users".* FROM "users"[0m
  [1m[36mPet Load (0.1ms)[0m  [1m[34mSELECT "pets".* FROM "pets"[0m
  [1m[35m (0.0ms)[0m  [1m[36mbegin transaction[0m
  [1m[36mUser Load (0.1ms)[0m  [1m[34mSELECT "users".* FROM "users" WHERE "users"."id" = ? LIMIT ?[0m  [["id", 5], ["LIMIT", 1]]
  [1m[36mPet Load (0.0ms)[0m  [1m[34mSELECT "pets".* FROM "pets" WHERE "pets"."id" = ? LIMIT ?[0m  [["id", 5], ["LIMIT", 1]]
  [1m[36mBooking Create (0.3ms)[0m  [1m[32mINSERT INTO "bookings" ("user_id", "pet_id", "services", "client_notes", "fee") VALUES (?, ?, ?, ?, ?)[0m  [["user_id", 5], ["pet_id", 5], ["services", "gold"], ["client_notes", "nahh"], ["fee", 10]]
  [1m[35m (0.6ms)[0m  [1m[36mcommit transaction[0m
  [1m[36mUser Load (0.1ms)[0m  [1m[34mSELECT "users".* FROM "users"[0m
  [1m[35m (0.0ms)[0m  [1m[36mbegin transaction[0m
  [1m[36mUser Load (0.1ms)[0m  [1m[34mSELECT "users".* FROM "users" WHERE "users"."id" = ? LIMIT ?[0m  [["id", 4], ["LIMIT", 1]]
  [1m[36mReview Create (0.3ms)[0m  [1m[32mINSERT INTO "reviews" ("user_id", "text") VALUES (?, ?)[0m  [["user_id", 4], ["text", "Me encanto este lugar"]]
  [1m[35m (0.8ms)[0m  [1m[36mcommit transaction[0m
  [1m[36mUser Load (0.1ms)[0m  [1m[34mSELECT "users".* FROM "users"[0m
  [1m[35m (0.0ms)[0m  [1m[36mbegin transaction[0m
  [1m[36mUser Load (0.1ms)[0m  [1m[34mSELECT "users".* FROM "users" WHERE "users"."id" = ? LIMIT ?[0m  [["id", 6], ["LIMIT", 1]]
  [1m[36mReview Create (0.2ms)[0m  [1m[32mINSERT INTO "reviews" ("user_id", "text") VALUES (?, ?)[0m  [["user_id", 6], ["text", "Odio este lugar"]]
  [1m[35m (0.6ms)[0m  [1m[36mcommit transaction[0m
  [1m[35m (0.4ms)[0m  [1m[34mSELECT sqlite_version(*)[0m
  [1m[36mUser Load (0.1ms)[0m  [1m[34mSELECT "users".* FROM "users" LIMIT ?[0m  [["LIMIT", 11]]
  [1m[36mUser Load (0.5ms)[0m  [1m[34mSELECT "users".* FROM "users"[0m
  [1m[36mUser Load (0.2ms)[0m  [1m[34mSELECT "users".* FROM "users"[0m
  [1m[36mUser Load (0.2ms)[0m  [1m[34mSELECT "users".* FROM "users"[0m
  [1m[36mPet Load (0.2ms)[0m  [1m[34mSELECT "pets".* FROM "pets" WHERE "pets"."user_id" = ? LIMIT ?[0m  [["user_id", 4], ["LIMIT", 11]]
  [1m[36mUser Load (0.5ms)[0m  [1m[34mSELECT "users".* FROM "users"[0m
  [1m[36mPet Load (0.2ms)[0m  [1m[34mSELECT "pets".* FROM "pets" WHERE "pets"."user_id" = ? LIMIT ?[0m  [["user_id", 4], ["LIMIT", 11]]
  [1m[36mBooking Load (0.3ms)[0m  [1m[34mSELECT "bookings".* FROM "bookings" LIMIT ?[0m  [["LIMIT", 11]]
  [1m[35m (1.0ms)[0m  [1m[34mSELECT sqlite_version(*)[0m
  [1m[35m (0.4ms)[0m  [1m[34mSELECT "schema_migrations"."version" FROM "schema_migrations" ORDER BY "schema_migrations"."version" ASC[0m
  [1m[35m (0.0ms)[0m  [1m[34mSELECT sqlite_version(*)[0m
  [1m[36mUser Load (0.5ms)[0m  [1m[34mSELECT "users".* FROM "users"[0m
  [1m[35m (0.0ms)[0m  [1m[36mbegin transaction[0m
  [1m[36mUser Destroy (0.4ms)[0m  [1m[31mDELETE FROM "users" WHERE "users"."id" = ?[0m  [["id", 4]]
  [1m[35m (0.7ms)[0m  [1m[36mcommit transaction[0m
  [1m[35m (0.0ms)[0m  [1m[36mbegin transaction[0m
  [1m[36mUser Destroy (0.2ms)[0m  [1m[31mDELETE FROM "users" WHERE "users"."id" = ?[0m  [["id", 5]]
  [1m[35m (0.6ms)[0m  [1m[36mcommit transaction[0m
  [1m[35m (0.0ms)[0m  [1m[36mbegin transaction[0m
  [1m[36mUser Destroy (0.3ms)[0m  [1m[31mDELETE FROM "users" WHERE "users"."id" = ?[0m  [["id", 6]]
  [1m[35m (0.5ms)[0m  [1m[36mcommit transaction[0m
  [1m[36mBooking Load (0.5ms)[0m  [1m[34mSELECT "bookings".* FROM "bookings"[0m
  [1m[35m (0.0ms)[0m  [1m[36mbegin transaction[0m
  [1m[36mBooking Destroy (0.2ms)[0m  [1m[31mDELETE FROM "bookings" WHERE "bookings"."id" = ?[0m  [["id", 3]]
  [1m[35m (0.7ms)[0m  [1m[36mcommit transaction[0m
  [1m[35m (0.0ms)[0m  [1m[36mbegin transaction[0m
  [1m[36mBooking Destroy (0.3ms)[0m  [1m[31mDELETE FROM "bookings" WHERE "bookings"."id" = ?[0m  [["id", 4]]
  [1m[35m (0.6ms)[0m  [1m[36mcommit transaction[0m
  [1m[36mPet Load (0.4ms)[0m  [1m[34mSELECT "pets".* FROM "pets"[0m
  [1m[35m (0.0ms)[0m  [1m[36mbegin transaction[0m
  [1m[36mPet Destroy (0.3ms)[0m  [1m[31mDELETE FROM "pets" WHERE "pets"."id" = ?[0m  [["id", 4]]
  [1m[35m (0.8ms)[0m  [1m[36mcommit transaction[0m
  [1m[35m (0.0ms)[0m  [1m[36mbegin transaction[0m
  [1m[36mPet Destroy (0.3ms)[0m  [1m[31mDELETE FROM "pets" WHERE "pets"."id" = ?[0m  [["id", 5]]
  [1m[35m (0.7ms)[0m  [1m[36mcommit transaction[0m
  [1m[35m (0.0ms)[0m  [1m[36mbegin transaction[0m
  [1m[36mPet Destroy (0.3ms)[0m  [1m[31mDELETE FROM "pets" WHERE "pets"."id" = ?[0m  [["id", 6]]
  [1m[35m (0.6ms)[0m  [1m[36mcommit transaction[0m
  [1m[36mReview Load (0.1ms)[0m  [1m[34mSELECT "reviews".* FROM "reviews"[0m
  [1m[35m (0.0ms)[0m  [1m[36mbegin transaction[0m
  [1m[36mReview Destroy (0.3ms)[0m  [1m[31mDELETE FROM "reviews" WHERE "reviews"."id" = ?[0m  [["id", 3]]
  [1m[35m (0.9ms)[0m  [1m[36mcommit transaction[0m
  [1m[35m (0.7ms)[0m  [1m[36mbegin transaction[0m
  [1m[36mReview Destroy (0.3ms)[0m  [1m[31mDELETE FROM "reviews" WHERE "reviews"."id" = ?[0m  [["id", 4]]
  [1m[35m (0.7ms)[0m  [1m[36mcommit transaction[0m
  [1m[35m (0.1ms)[0m  [1m[36mbegin transaction[0m
  [1m[36mUser Create (1.1ms)[0m  [1m[32mINSERT INTO "users" ("username", "password_digest", "address", "email") VALUES (?, ?, ?, ?)[0m  [["username", "Himelda"], ["password_digest", "123"], ["address", "Apt. 728 417 Hahn Prairie, East Rossville, AL 85931-1985"], ["email", "dessie@grant-purdy.co"]]
  [1m[35m (1.2ms)[0m  [1m[36mcommit transaction[0m
  [1m[35m (0.0ms)[0m  [1m[36mbegin transaction[0m
  [1m[36mUser Create (0.3ms)[0m  [1m[32mINSERT INTO "users" ("username", "password_digest", "address", "email") VALUES (?, ?, ?, ?)[0m  [["username", "Sharyl"], ["password_digest", "123"], ["address", "Suite 760 949 Loida Club, Bernhardmouth, CT 68718-9449"], ["email", "janetta.ruecker@johns.name"]]
  [1m[35m (0.7ms)[0m  [1m[36mcommit transaction[0m
  [1m[35m (0.0ms)[0m  [1m[36mbegin transaction[0m
  [1m[36mUser Create (0.3ms)[0m  [1m[32mINSERT INTO "users" ("username", "password_digest", "address", "email") VALUES (?, ?, ?, ?)[0m  [["username", "Daniel"], ["password_digest", "123"], ["address", "Apt. 305 7888 Stark Viaduct, Trantowbury, TN 05483"], ["email", "leif@friesen.co"]]
  [1m[35m (0.9ms)[0m  [1m[36mcommit transaction[0m
  [1m[35m (0.1ms)[0m  [1m[36mbegin transaction[0m
  [1m[36mUser Load (0.1ms)[0m  [1m[34mSELECT "users".* FROM "users" WHERE "users"."id" = ? LIMIT ?[0m  [["id", 7], ["LIMIT", 1]]
  [1m[36mPet Create (0.3ms)[0m  [1m[32mINSERT INTO "pets" ("user_id", "name", "pet_type", "breed", "size", "image") VALUES (?, ?, ?, ?, ?, ?)[0m  [["user_id", 7], ["name", "churro"], ["pet_type", "Dog"], ["breed", "chihuahua"], ["size", "small"], ["image", "https://encrypted-tbn0.gstatic.com/images?q=tbn%3AANd9GcTW9Y3IBK8fed90Tk7-ZNhsDpoUpbj-n2jxy6KI096p-gI7WYNp&usqp=CAU"]]
  [1m[35m (0.5ms)[0m  [1m[36mcommit transaction[0m
  [1m[36mUser Load (0.1ms)[0m  [1m[34mSELECT "users".* FROM "users"[0m
  [1m[35m (0.0ms)[0m  [1m[36mbegin transaction[0m
  [1m[36mUser Load (0.1ms)[0m  [1m[34mSELECT "users".* FROM "users" WHERE "users"."id" = ? LIMIT ?[0m  [["id", 8], ["LIMIT", 1]]
  [1m[36mPet Create (0.3ms)[0m  [1m[32mINSERT INTO "pets" ("user_id", "name", "pet_type", "breed", "size", "image") VALUES (?, ?, ?, ?, ?, ?)[0m  [["user_id", 8], ["name", "Dali"], ["pet_type", "Dog"], ["breed", "podengo"], ["size", "small"], ["image", "https://encrypted-tbn0.gstatic.com/images?q=tbn%3AANd9GcTW9Y3IBK8fed90Tk7-ZNhsDpoUpbj-n2jxy6KI096p-gI7WYNp&usqp=CAU"]]
  [1m[35m (0.6ms)[0m  [1m[36mcommit transaction[0m
  [1m[36mUser Load (0.1ms)[0m  [1m[34mSELECT "users".* FROM "users"[0m
  [1m[35m (0.0ms)[0m  [1m[36mbegin transaction[0m
  [1m[36mUser Load (0.1ms)[0m  [1m[34mSELECT "users".* FROM "users" WHERE "users"."id" = ? LIMIT ?[0m  [["id", 7], ["LIMIT", 1]]
  [1m[36mPet Create (0.3ms)[0m  [1m[32mINSERT INTO "pets" ("user_id", "name", "pet_type", "breed", "size", "image") VALUES (?, ?, ?, ?, ?, ?)[0m  [["user_id", 7], ["name", "Grump"], ["pet_type", "Cat"], ["breed", "maloroto"], ["size", "small"], ["image", "https://encrypted-tbn0.gstatic.com/images?q=tbn%3AANd9GcTW9Y3IBK8fed90Tk7-ZNhsDpoUpbj-n2jxy6KI096p-gI7WYNp&usqp=CAU"]]
  [1m[35m (0.7ms)[0m  [1m[36mcommit transaction[0m
  [1m[35m (0.0ms)[0m  [1m[36mbegin transaction[0m
  [1m[36mPet Load (0.1ms)[0m  [1m[34mSELECT "pets".* FROM "pets" WHERE "pets"."id" = ? LIMIT ?[0m  [["id", 7], ["LIMIT", 1]]
  [1m[35m (0.0ms)[0m  [1m[31mrollback transaction[0m
  [1m[36mUser Load (0.1ms)[0m  [1m[34mSELECT "users".* FROM "users"[0m
  [1m[36mPet Load (0.1ms)[0m  [1m[34mSELECT "pets".* FROM "pets"[0m
  [1m[35m (0.0ms)[0m  [1m[36mbegin transaction[0m
  [1m[36mUser Load (0.1ms)[0m  [1m[34mSELECT "users".* FROM "users" WHERE "users"."id" = ? LIMIT ?[0m  [["id", 7], ["LIMIT", 1]]
  [1m[36mPet Load (0.1ms)[0m  [1m[34mSELECT "pets".* FROM "pets" WHERE "pets"."id" = ? LIMIT ?[0m  [["id", 7], ["LIMIT", 1]]
  [1m[36mBooking Create (0.3ms)[0m  [1m[32mINSERT INTO "bookings" ("user_id", "pet_id", "services", "client_notes", "fee") VALUES (?, ?, ?, ?, ?)[0m  [["user_id", 7], ["pet_id", 7], ["services", "gold"], ["client_notes", "nahh"], ["fee", 10]]
  [1m[35m (0.6ms)[0m  [1m[36mcommit transaction[0m
  [1m[36mUser Load (0.1ms)[0m  [1m[34mSELECT "users".* FROM "users"[0m
  [1m[35m (0.0ms)[0m  [1m[36mbegin transaction[0m
  [1m[36mUser Load (0.1ms)[0m  [1m[34mSELECT "users".* FROM "users" WHERE "users"."id" = ? LIMIT ?[0m  [["id", 9], ["LIMIT", 1]]
  [1m[36mReview Create (0.2ms)[0m  [1m[32mINSERT INTO "reviews" ("user_id", "text") VALUES (?, ?)[0m  [["user_id", 9], ["text", "Me encanto este lugar"]]
  [1m[35m (0.8ms)[0m  [1m[36mcommit transaction[0m
  [1m[36mUser Load (0.1ms)[0m  [1m[34mSELECT "users".* FROM "users"[0m
  [1m[35m (0.0ms)[0m  [1m[36mbegin transaction[0m
  [1m[36mUser Load (0.1ms)[0m  [1m[34mSELECT "users".* FROM "users" WHERE "users"."id" = ? LIMIT ?[0m  [["id", 8], ["LIMIT", 1]]
  [1m[36mReview Create (0.3ms)[0m  [1m[32mINSERT INTO "reviews" ("user_id", "text") VALUES (?, ?)[0m  [["user_id", 8], ["text", "Odio este lugar"]]
  [1m[35m (0.6ms)[0m  [1m[36mcommit transaction[0m
  [1m[35m (0.8ms)[0m  [1m[34mSELECT sqlite_version(*)[0m
  [1m[36mBooking Load (0.7ms)[0m  [1m[34mSELECT "bookings".* FROM "bookings" LIMIT ?[0m  [["LIMIT", 11]]
  [1m[36mBooking Load (0.3ms)[0m  [1m[34mSELECT "bookings".* FROM "bookings"[0m
  [1m[35m (0.9ms)[0m  [1m[34mSELECT sqlite_version(*)[0m
  [1m[35m (0.4ms)[0m  [1m[34mSELECT "schema_migrations"."version" FROM "schema_migrations" ORDER BY "schema_migrations"."version" ASC[0m
  [1m[35m (0.1ms)[0m  [1m[34mSELECT sqlite_version(*)[0m
  [1m[36mUser Load (0.5ms)[0m  [1m[34mSELECT "users".* FROM "users"[0m
  [1m[35m (0.0ms)[0m  [1m[36mbegin transaction[0m
  [1m[36mUser Destroy (0.4ms)[0m  [1m[31mDELETE FROM "users" WHERE "users"."id" = ?[0m  [["id", 7]]
  [1m[35m (1.1ms)[0m  [1m[36mcommit transaction[0m
  [1m[35m (0.0ms)[0m  [1m[36mbegin transaction[0m
  [1m[36mUser Destroy (0.3ms)[0m  [1m[31mDELETE FROM "users" WHERE "users"."id" = ?[0m  [["id", 8]]
  [1m[35m (0.6ms)[0m  [1m[36mcommit transaction[0m
  [1m[35m (0.0ms)[0m  [1m[36mbegin transaction[0m
  [1m[36mUser Destroy (0.3ms)[0m  [1m[31mDELETE FROM "users" WHERE "users"."id" = ?[0m  [["id", 9]]
  [1m[35m (0.9ms)[0m  [1m[36mcommit transaction[0m
  [1m[36mBooking Load (0.7ms)[0m  [1m[34mSELECT "bookings".* FROM "bookings"[0m
  [1m[35m (0.0ms)[0m  [1m[36mbegin transaction[0m
  [1m[36mBooking Destroy (0.3ms)[0m  [1m[31mDELETE FROM "bookings" WHERE "bookings"."id" = ?[0m  [["id", 5]]
  [1m[35m (0.5ms)[0m  [1m[36mcommit transaction[0m
  [1m[36mPet Load (0.5ms)[0m  [1m[34mSELECT "pets".* FROM "pets"[0m
  [1m[35m (0.0ms)[0m  [1m[36mbegin transaction[0m
  [1m[36mPet Destroy (0.4ms)[0m  [1m[31mDELETE FROM "pets" WHERE "pets"."id" = ?[0m  [["id", 7]]
  [1m[35m (0.8ms)[0m  [1m[36mcommit transaction[0m
  [1m[35m (0.0ms)[0m  [1m[36mbegin transaction[0m
  [1m[36mPet Destroy (0.3ms)[0m  [1m[31mDELETE FROM "pets" WHERE "pets"."id" = ?[0m  [["id", 8]]
  [1m[35m (0.6ms)[0m  [1m[36mcommit transaction[0m
  [1m[35m (0.0ms)[0m  [1m[36mbegin transaction[0m
  [1m[36mPet Destroy (0.3ms)[0m  [1m[31mDELETE FROM "pets" WHERE "pets"."id" = ?[0m  [["id", 9]]
  [1m[35m (0.8ms)[0m  [1m[36mcommit transaction[0m
  [1m[36mReview Load (0.2ms)[0m  [1m[34mSELECT "reviews".* FROM "reviews"[0m
  [1m[35m (0.0ms)[0m  [1m[36mbegin transaction[0m
  [1m[36mReview Destroy (1.0ms)[0m  [1m[31mDELETE FROM "reviews" WHERE "reviews"."id" = ?[0m  [["id", 5]]
  [1m[35m (0.8ms)[0m  [1m[36mcommit transaction[0m
  [1m[35m (0.1ms)[0m  [1m[36mbegin transaction[0m
  [1m[36mReview Destroy (1.0ms)[0m  [1m[31mDELETE FROM "reviews" WHERE "reviews"."id" = ?[0m  [["id", 6]]
  [1m[35m (0.7ms)[0m  [1m[36mcommit transaction[0m
  [1m[35m (0.0ms)[0m  [1m[36mbegin transaction[0m
  [1m[36mUser Create (0.8ms)[0m  [1m[32mINSERT INTO "users" ("username", "password_digest", "address", "email") VALUES (?, ?, ?, ?)[0m  [["username", "Himelda"], ["password_digest", "123"], ["address", "4323 Greenfelder Forges, Romaguerafort, LA 79282"], ["email", "debbra@huel-corwin.net"]]
  [1m[35m (0.8ms)[0m  [1m[36mcommit transaction[0m
  [1m[35m (0.0ms)[0m  [1m[36mbegin transaction[0m
  [1m[36mUser Create (0.5ms)[0m  [1m[32mINSERT INTO "users" ("username", "password_digest", "address", "email") VALUES (?, ?, ?, ?)[0m  [["username", "Johnnie"], ["password_digest", "123"], ["address", "982 Logan Points, New Quinton, NM 39318-3590"], ["email", "maegan@langworth-green.info"]]
  [1m[35m (0.6ms)[0m  [1m[36mcommit transaction[0m
  [1m[35m (0.1ms)[0m  [1m[36mbegin transaction[0m
  [1m[36mUser Create (0.3ms)[0m  [1m[32mINSERT INTO "users" ("username", "password_digest", "address", "email") VALUES (?, ?, ?, ?)[0m  [["username", "Annamae"], ["password_digest", "123"], ["address", "21113 Braun Stravenue, Dickifurt, TX 32329-1521"], ["email", "nicholas@lehner-okeefe.name"]]
  [1m[35m (0.6ms)[0m  [1m[36mcommit transaction[0m
  [1m[35m (0.0ms)[0m  [1m[36mbegin transaction[0m
  [1m[36mUser Load (0.2ms)[0m  [1m[34mSELECT "users".* FROM "users" WHERE "users"."id" = ? LIMIT ?[0m  [["id", 10], ["LIMIT", 1]]
  [1m[36mPet Create (0.3ms)[0m  [1m[32mINSERT INTO "pets" ("user_id", "name", "pet_type", "breed", "size", "image") VALUES (?, ?, ?, ?, ?, ?)[0m  [["user_id", 10], ["name", "churro"], ["pet_type", "Dog"], ["breed", "chihuahua"], ["size", "small"], ["image", "https://encrypted-tbn0.gstatic.com/images?q=tbn%3AANd9GcTW9Y3IBK8fed90Tk7-ZNhsDpoUpbj-n2jxy6KI096p-gI7WYNp&usqp=CAU"]]
  [1m[35m (0.6ms)[0m  [1m[36mcommit transaction[0m
  [1m[36mUser Load (0.1ms)[0m  [1m[34mSELECT "users".* FROM "users"[0m
  [1m[35m (0.0ms)[0m  [1m[36mbegin transaction[0m
  [1m[36mUser Load (0.1ms)[0m  [1m[34mSELECT "users".* FROM "users" WHERE "users"."id" = ? LIMIT ?[0m  [["id", 10], ["LIMIT", 1]]
  [1m[36mPet Create (0.3ms)[0m  [1m[32mINSERT INTO "pets" ("user_id", "name", "pet_type", "breed", "size", "image") VALUES (?, ?, ?, ?, ?, ?)[0m  [["user_id", 10], ["name", "Dali"], ["pet_type", "Dog"], ["breed", "podengo"], ["size", "small"], ["image", "https://encrypted-tbn0.gstatic.com/images?q=tbn%3AANd9GcTW9Y3IBK8fed90Tk7-ZNhsDpoUpbj-n2jxy6KI096p-gI7WYNp&usqp=CAU"]]
  [1m[35m (0.6ms)[0m  [1m[36mcommit transaction[0m
  [1m[36mUser Load (0.1ms)[0m  [1m[34mSELECT "users".* FROM "users"[0m
  [1m[35m (0.0ms)[0m  [1m[36mbegin transaction[0m
  [1m[36mUser Load (0.1ms)[0m  [1m[34mSELECT "users".* FROM "users" WHERE "users"."id" = ? LIMIT ?[0m  [["id", 10], ["LIMIT", 1]]
  [1m[36mPet Create (0.3ms)[0m  [1m[32mINSERT INTO "pets" ("user_id", "name", "pet_type", "breed", "size", "image") VALUES (?, ?, ?, ?, ?, ?)[0m  [["user_id", 10], ["name", "Grump"], ["pet_type", "Cat"], ["breed", "maloroto"], ["size", "small"], ["image", "https://encrypted-tbn0.gstatic.com/images?q=tbn%3AANd9GcTW9Y3IBK8fed90Tk7-ZNhsDpoUpbj-n2jxy6KI096p-gI7WYNp&usqp=CAU"]]
  [1m[35m (0.6ms)[0m  [1m[36mcommit transaction[0m
  [1m[35m (0.0ms)[0m  [1m[36mbegin transaction[0m
  [1m[36mUser Load (0.1ms)[0m  [1m[34mSELECT "users".* FROM "users" WHERE "users"."id" = ? LIMIT ?[0m  [["id", 10], ["LIMIT", 1]]
  [1m[36mPet Load (0.1ms)[0m  [1m[34mSELECT "pets".* FROM "pets" WHERE "pets"."id" = ? LIMIT ?[0m  [["id", 10], ["LIMIT", 1]]
  [1m[36mBooking Create (0.3ms)[0m  [1m[32mINSERT INTO "bookings" ("user_id", "pet_id", "services", "client_notes", "fee") VALUES (?, ?, ?, ?, ?)[0m  [["user_id", 10], ["pet_id", 10], ["services", "platinum"], ["client_notes", "awesome"], ["fee", 10]]
  [1m[35m (0.6ms)[0m  [1m[36mcommit transaction[0m
  [1m[36mUser Load (0.1ms)[0m  [1m[34mSELECT "users".* FROM "users"[0m
  [1m[36mPet Load (0.1ms)[0m  [1m[34mSELECT "pets".* FROM "pets"[0m
  [1m[35m (0.0ms)[0m  [1m[36mbegin transaction[0m
  [1m[36mUser Load (0.1ms)[0m  [1m[34mSELECT "users".* FROM "users" WHERE "users"."id" = ? LIMIT ?[0m  [["id", 10], ["LIMIT", 1]]
  [1m[36mPet Load (0.0ms)[0m  [1m[34mSELECT "pets".* FROM "pets" WHERE "pets"."id" = ? LIMIT ?[0m  [["id", 11], ["LIMIT", 1]]
  [1m[36mBooking Create (0.3ms)[0m  [1m[32mINSERT INTO "bookings" ("user_id", "pet_id", "services", "client_notes", "fee") VALUES (?, ?, ?, ?, ?)[0m  [["user_id", 10], ["pet_id", 11], ["services", "gold"], ["client_notes", "nahh"], ["fee", 10]]
  [1m[35m (0.6ms)[0m  [1m[36mcommit transaction[0m
  [1m[36mUser Load (0.1ms)[0m  [1m[34mSELECT "users".* FROM "users"[0m
  [1m[35m (0.0ms)[0m  [1m[36mbegin transaction[0m
  [1m[36mUser Load (0.1ms)[0m  [1m[34mSELECT "users".* FROM "users" WHERE "users"."id" = ? LIMIT ?[0m  [["id", 10], ["LIMIT", 1]]
  [1m[36mReview Create (0.3ms)[0m  [1m[32mINSERT INTO "reviews" ("user_id", "text") VALUES (?, ?)[0m  [["user_id", 10], ["text", "Me encanto este lugar"]]
  [1m[35m (0.7ms)[0m  [1m[36mcommit transaction[0m
  [1m[36mUser Load (0.1ms)[0m  [1m[34mSELECT "users".* FROM "users"[0m
  [1m[35m (0.0ms)[0m  [1m[36mbegin transaction[0m
  [1m[36mUser Load (0.1ms)[0m  [1m[34mSELECT "users".* FROM "users" WHERE "users"."id" = ? LIMIT ?[0m  [["id", 11], ["LIMIT", 1]]
  [1m[36mReview Create (0.3ms)[0m  [1m[32mINSERT INTO "reviews" ("user_id", "text") VALUES (?, ?)[0m  [["user_id", 11], ["text", "Odio este lugar"]]
  [1m[35m (0.8ms)[0m  [1m[36mcommit transaction[0m
  [1m[35m (0.5ms)[0m  [1m[34mSELECT sqlite_version(*)[0m
  [1m[36mBooking Load (0.2ms)[0m  [1m[34mSELECT "bookings".* FROM "bookings" LIMIT ?[0m  [["LIMIT", 11]]
  [1m[35m (1.0ms)[0m  [1m[34mSELECT sqlite_version(*)[0m
  [1m[35m (0.1ms)[0m  [1m[34mSELECT "schema_migrations"."version" FROM "schema_migrations" ORDER BY "schema_migrations"."version" ASC[0m
  [1m[35m (0.0ms)[0m  [1m[34mSELECT sqlite_version(*)[0m
  [1m[36mUser Load (0.1ms)[0m  [1m[34mSELECT "users".* FROM "users"[0m
  [1m[35m (0.0ms)[0m  [1m[36mbegin transaction[0m
  [1m[36mUser Destroy (0.3ms)[0m  [1m[31mDELETE FROM "users" WHERE "users"."id" = ?[0m  [["id", 10]]
  [1m[35m (0.7ms)[0m  [1m[36mcommit transaction[0m
  [1m[35m (0.0ms)[0m  [1m[36mbegin transaction[0m
  [1m[36mUser Destroy (0.3ms)[0m  [1m[31mDELETE FROM "users" WHERE "users"."id" = ?[0m  [["id", 11]]
  [1m[35m (0.7ms)[0m  [1m[36mcommit transaction[0m
  [1m[35m (0.0ms)[0m  [1m[36mbegin transaction[0m
  [1m[36mUser Destroy (0.3ms)[0m  [1m[31mDELETE FROM "users" WHERE "users"."id" = ?[0m  [["id", 12]]
  [1m[35m (0.7ms)[0m  [1m[36mcommit transaction[0m
  [1m[36mBooking Load (0.1ms)[0m  [1m[34mSELECT "bookings".* FROM "bookings"[0m
  [1m[35m (0.0ms)[0m  [1m[36mbegin transaction[0m
  [1m[36mBooking Destroy (0.3ms)[0m  [1m[31mDELETE FROM "bookings" WHERE "bookings"."id" = ?[0m  [["id", 6]]
  [1m[35m (0.8ms)[0m  [1m[36mcommit transaction[0m
  [1m[35m (0.0ms)[0m  [1m[36mbegin transaction[0m
  [1m[36mBooking Destroy (0.2ms)[0m  [1m[31mDELETE FROM "bookings" WHERE "bookings"."id" = ?[0m  [["id", 7]]
  [1m[35m (0.7ms)[0m  [1m[36mcommit transaction[0m
  [1m[36mPet Load (0.2ms)[0m  [1m[34mSELECT "pets".* FROM "pets"[0m
  [1m[35m (0.0ms)[0m  [1m[36mbegin transaction[0m
  [1m[36mPet Destroy (0.2ms)[0m  [1m[31mDELETE FROM "pets" WHERE "pets"."id" = ?[0m  [["id", 10]]
  [1m[35m (0.6ms)[0m  [1m[36mcommit transaction[0m
  [1m[35m (0.0ms)[0m  [1m[36mbegin transaction[0m
  [1m[36mPet Destroy (0.3ms)[0m  [1m[31mDELETE FROM "pets" WHERE "pets"."id" = ?[0m  [["id", 11]]
  [1m[35m (0.7ms)[0m  [1m[36mcommit transaction[0m
  [1m[35m (0.0ms)[0m  [1m[36mbegin transaction[0m
  [1m[36mPet Destroy (0.3ms)[0m  [1m[31mDELETE FROM "pets" WHERE "pets"."id" = ?[0m  [["id", 12]]
  [1m[35m (0.7ms)[0m  [1m[36mcommit transaction[0m
  [1m[36mReview Load (0.1ms)[0m  [1m[34mSELECT "reviews".* FROM "reviews"[0m
  [1m[35m (0.0ms)[0m  [1m[36mbegin transaction[0m
  [1m[36mReview Destroy (0.3ms)[0m  [1m[31mDELETE FROM "reviews" WHERE "reviews"."id" = ?[0m  [["id", 7]]
  [1m[35m (0.6ms)[0m  [1m[36mcommit transaction[0m
  [1m[35m (0.0ms)[0m  [1m[36mbegin transaction[0m
  [1m[36mReview Destroy (0.3ms)[0m  [1m[31mDELETE FROM "reviews" WHERE "reviews"."id" = ?[0m  [["id", 8]]
  [1m[35m (1.0ms)[0m  [1m[36mcommit transaction[0m
  [1m[35m (0.1ms)[0m  [1m[36mbegin transaction[0m
  [1m[36mUser Create (0.4ms)[0m  [1m[32mINSERT INTO "users" ("username", "password_digest", "address", "email") VALUES (?, ?, ?, ?)[0m  [["username", "Himelda"], ["password_digest", "123"], ["address", "Apt. 101 384 Warren Lights, Port Capriceton, SC 98358-6590"], ["email", "wanetta.rice@erdman.com"]]
  [1m[35m (0.8ms)[0m  [1m[36mcommit transaction[0m
  [1m[35m (0.0ms)[0m  [1m[36mbegin transaction[0m
  [1m[36mUser Create (0.3ms)[0m  [1m[32mINSERT INTO "users" ("username", "password_digest", "address", "email") VALUES (?, ?, ?, ?)[0m  [["username", "Venma"], ["password_digest", "123"], ["address", "563 O'Reilly Lock, Paulaton, WI 47139-5151"], ["email", "rima@johnston.co"]]
  [1m[35m (0.8ms)[0m  [1m[36mcommit transaction[0m
  [1m[35m (0.0ms)[0m  [1m[36mbegin transaction[0m
  [1m[36mUser Create (0.3ms)[0m  [1m[32mINSERT INTO "users" ("username", "password_digest", "address", "email") VALUES (?, ?, ?, ?)[0m  [["username", "Kurtis"], ["password_digest", "123"], ["address", "Apt. 993 58707 Shawn Pike, Erdmanbury, FL 91082-8358"], ["email", "christinia@quitzon.com"]]
  [1m[35m (0.6ms)[0m  [1m[36mcommit transaction[0m
  [1m[35m (0.0ms)[0m  [1m[36mbegin transaction[0m
  [1m[36mUser Load (0.1ms)[0m  [1m[34mSELECT "users".* FROM "users" WHERE "users"."id" = ? LIMIT ?[0m  [["id", 13], ["LIMIT", 1]]
  [1m[36mPet Create (0.2ms)[0m  [1m[32mINSERT INTO "pets" ("user_id", "name", "pet_type", "breed", "size", "image") VALUES (?, ?, ?, ?, ?, ?)[0m  [["user_id", 13], ["name", "churro"], ["pet_type", "Dog"], ["breed", "chihuahua"], ["size", "small"], ["image", "https://encrypted-tbn0.gstatic.com/images?q=tbn%3AANd9GcTW9Y3IBK8fed90Tk7-ZNhsDpoUpbj-n2jxy6KI096p-gI7WYNp&usqp=CAU"]]
  [1m[35m (0.7ms)[0m  [1m[36mcommit transaction[0m
  [1m[35m (0.0ms)[0m  [1m[36mbegin transaction[0m
  [1m[36mUser Load (0.1ms)[0m  [1m[34mSELECT "users".* FROM "users" WHERE "users"."id" = ? LIMIT ?[0m  [["id", 14], ["LIMIT", 1]]
  [1m[36mPet Create (0.2ms)[0m  [1m[32mINSERT INTO "pets" ("user_id", "name", "pet_type", "breed", "size", "image") VALUES (?, ?, ?, ?, ?, ?)[0m  [["user_id", 14], ["name", "Dali"], ["pet_type", "Dog"], ["breed", "podengo"], ["size", "small"], ["image", "https://encrypted-tbn0.gstatic.com/images?q=tbn%3AANd9GcTW9Y3IBK8fed90Tk7-ZNhsDpoUpbj-n2jxy6KI096p-gI7WYNp&usqp=CAU"]]
  [1m[35m (0.7ms)[0m  [1m[36mcommit transaction[0m
  [1m[36mUser Load (0.1ms)[0m  [1m[34mSELECT "users".* FROM "users"[0m
  [1m[35m (0.0ms)[0m  [1m[36mbegin transaction[0m
  [1m[36mUser Load (0.1ms)[0m  [1m[34mSELECT "users".* FROM "users" WHERE "users"."id" = ? LIMIT ?[0m  [["id", 14], ["LIMIT", 1]]
  [1m[36mPet Create (0.3ms)[0m  [1m[32mINSERT INTO "pets" ("user_id", "name", "pet_type", "breed", "size", "image") VALUES (?, ?, ?, ?, ?, ?)[0m  [["user_id", 14], ["name", "Grump"], ["pet_type", "Cat"], ["breed", "maloroto"], ["size", "small"], ["image", "https://encrypted-tbn0.gstatic.com/images?q=tbn%3AANd9GcTW9Y3IBK8fed90Tk7-ZNhsDpoUpbj-n2jxy6KI096p-gI7WYNp&usqp=CAU"]]
  [1m[35m (0.5ms)[0m  [1m[36mcommit transaction[0m
  [1m[35m (0.0ms)[0m  [1m[36mbegin transaction[0m
  [1m[36mUser Load (0.1ms)[0m  [1m[34mSELECT "users".* FROM "users" WHERE "users"."id" = ? LIMIT ?[0m  [["id", 13], ["LIMIT", 1]]
  [1m[36mPet Load (0.1ms)[0m  [1m[34mSELECT "pets".* FROM "pets" WHERE "pets"."id" = ? LIMIT ?[0m  [["id", 13], ["LIMIT", 1]]
  [1m[36mBooking Create (0.3ms)[0m  [1m[32mINSERT INTO "bookings" ("user_id", "pet_id", "services", "client_notes", "fee") VALUES (?, ?, ?, ?, ?)[0m  [["user_id", 13], ["pet_id", 13], ["services", "platinum"], ["client_notes", "awesome"], ["fee", 10]]
  [1m[35m (0.9ms)[0m  [1m[36mcommit transaction[0m
  [1m[35m (0.0ms)[0m  [1m[36mbegin transaction[0m
  [1m[36mUser Load (0.1ms)[0m  [1m[34mSELECT "users".* FROM "users" WHERE "users"."id" = ? LIMIT ?[0m  [["id", 14], ["LIMIT", 1]]
  [1m[36mPet Load (0.1ms)[0m  [1m[34mSELECT "pets".* FROM "pets" WHERE "pets"."id" = ? LIMIT ?[0m  [["id", 14], ["LIMIT", 1]]
  [1m[36mBooking Create (0.3ms)[0m  [1m[32mINSERT INTO "bookings" ("user_id", "pet_id", "services", "client_notes", "fee") VALUES (?, ?, ?, ?, ?)[0m  [["user_id", 14], ["pet_id", 14], ["services", "gold"], ["client_notes", "nahh"], ["fee", 10]]
  [1m[35m (0.8ms)[0m  [1m[36mcommit transaction[0m
  [1m[36mUser Load (0.1ms)[0m  [1m[34mSELECT "users".* FROM "users"[0m
  [1m[35m (0.0ms)[0m  [1m[36mbegin transaction[0m
  [1m[36mUser Load (0.1ms)[0m  [1m[34mSELECT "users".* FROM "users" WHERE "users"."id" = ? LIMIT ?[0m  [["id", 15], ["LIMIT", 1]]
  [1m[36mReview Create (0.3ms)[0m  [1m[32mINSERT INTO "reviews" ("user_id", "text") VALUES (?, ?)[0m  [["user_id", 15], ["text", "Me encanto este lugar"]]
  [1m[35m (0.7ms)[0m  [1m[36mcommit transaction[0m
  [1m[36mUser Load (0.1ms)[0m  [1m[34mSELECT "users".* FROM "users"[0m
  [1m[35m (0.0ms)[0m  [1m[36mbegin transaction[0m
  [1m[36mUser Load (0.1ms)[0m  [1m[34mSELECT "users".* FROM "users" WHERE "users"."id" = ? LIMIT ?[0m  [["id", 14], ["LIMIT", 1]]
  [1m[36mReview Create (0.3ms)[0m  [1m[32mINSERT INTO "reviews" ("user_id", "text") VALUES (?, ?)[0m  [["user_id", 14], ["text", "Odio este lugar"]]
  [1m[35m (0.6ms)[0m  [1m[36mcommit transaction[0m
  [1m[35m (0.4ms)[0m  [1m[34mSELECT sqlite_version(*)[0m
  [1m[36mUser Load (0.4ms)[0m  [1m[34mSELECT "users".* FROM "users" LIMIT ?[0m  [["LIMIT", 11]]
  [1m[36mBooking Load (0.3ms)[0m  [1m[34mSELECT "bookings".* FROM "bookings" LIMIT ?[0m  [["LIMIT", 11]]
  [1m[36mBooking Load (0.3ms)[0m  [1m[34mSELECT "bookings".* FROM "bookings"[0m
  [1m[36mBooking Load (0.2ms)[0m  [1m[34mSELECT "bookings".* FROM "bookings"[0m
  [1m[36mBooking Load (0.2ms)[0m  [1m[34mSELECT "bookings".* FROM "bookings"[0m
  [1m[36mBooking Load (0.2ms)[0m  [1m[34mSELECT "bookings".* FROM "bookings"[0m
  [1m[36mUser Load (0.2ms)[0m  [1m[34mSELECT "users".* FROM "users"[0m
  [1m[35m (1.0ms)[0m  [1m[34mSELECT sqlite_version(*)[0m
  [1m[35m (0.4ms)[0m  [1m[34mSELECT "schema_migrations"."version" FROM "schema_migrations" ORDER BY "schema_migrations"."version" ASC[0m
  [1m[35m (0.0ms)[0m  [1m[34mSELECT sqlite_version(*)[0m
  [1m[36mUser Load (0.4ms)[0m  [1m[34mSELECT "users".* FROM "users"[0m
  [1m[35m (0.0ms)[0m  [1m[36mbegin transaction[0m
  [1m[36mUser Destroy (0.3ms)[0m  [1m[31mDELETE FROM "users" WHERE "users"."id" = ?[0m  [["id", 13]]
  [1m[35m (0.5ms)[0m  [1m[36mcommit transaction[0m
  [1m[35m (0.0ms)[0m  [1m[36mbegin transaction[0m
  [1m[36mUser Destroy (0.3ms)[0m  [1m[31mDELETE FROM "users" WHERE "users"."id" = ?[0m  [["id", 14]]
  [1m[35m (0.6ms)[0m  [1m[36mcommit transaction[0m
  [1m[35m (0.0ms)[0m  [1m[36mbegin transaction[0m
  [1m[36mUser Destroy (0.2ms)[0m  [1m[31mDELETE FROM "users" WHERE "users"."id" = ?[0m  [["id", 15]]
  [1m[35m (0.8ms)[0m  [1m[36mcommit transaction[0m
  [1m[36mBooking Load (0.4ms)[0m  [1m[34mSELECT "bookings".* FROM "bookings"[0m
  [1m[35m (0.0ms)[0m  [1m[36mbegin transaction[0m
  [1m[36mBooking Destroy (0.3ms)[0m  [1m[31mDELETE FROM "bookings" WHERE "bookings"."id" = ?[0m  [["id", 8]]
  [1m[35m (0.5ms)[0m  [1m[36mcommit transaction[0m
  [1m[35m (0.0ms)[0m  [1m[36mbegin transaction[0m
  [1m[36mBooking Destroy (0.2ms)[0m  [1m[31mDELETE FROM "bookings" WHERE "bookings"."id" = ?[0m  [["id", 9]]
  [1m[35m (0.5ms)[0m  [1m[36mcommit transaction[0m
  [1m[36mPet Load (0.5ms)[0m  [1m[34mSELECT "pets".* FROM "pets"[0m
  [1m[35m (0.0ms)[0m  [1m[36mbegin transaction[0m
  [1m[36mPet Destroy (0.3ms)[0m  [1m[31mDELETE FROM "pets" WHERE "pets"."id" = ?[0m  [["id", 13]]
  [1m[35m (0.7ms)[0m  [1m[36mcommit transaction[0m
  [1m[35m (0.0ms)[0m  [1m[36mbegin transaction[0m
  [1m[36mPet Destroy (0.3ms)[0m  [1m[31mDELETE FROM "pets" WHERE "pets"."id" = ?[0m  [["id", 14]]
  [1m[35m (0.7ms)[0m  [1m[36mcommit transaction[0m
  [1m[35m (0.0ms)[0m  [1m[36mbegin transaction[0m
  [1m[36mPet Destroy (0.3ms)[0m  [1m[31mDELETE FROM "pets" WHERE "pets"."id" = ?[0m  [["id", 15]]
  [1m[35m (0.7ms)[0m  [1m[36mcommit transaction[0m
  [1m[36mReview Load (0.2ms)[0m  [1m[34mSELECT "reviews".* FROM "reviews"[0m
  [1m[35m (0.1ms)[0m  [1m[36mbegin transaction[0m
  [1m[36mReview Destroy (0.3ms)[0m  [1m[31mDELETE FROM "reviews" WHERE "reviews"."id" = ?[0m  [["id", 9]]
  [1m[35m (0.6ms)[0m  [1m[36mcommit transaction[0m
  [1m[35m (0.0ms)[0m  [1m[36mbegin transaction[0m
  [1m[36mReview Destroy (0.3ms)[0m  [1m[31mDELETE FROM "reviews" WHERE "reviews"."id" = ?[0m  [["id", 10]]
  [1m[35m (0.8ms)[0m  [1m[36mcommit transaction[0m
  [1m[35m (0.1ms)[0m  [1m[36mbegin transaction[0m
  [1m[36mUser Create (0.7ms)[0m  [1m[32mINSERT INTO "users" ("username", "password_digest", "address", "email") VALUES (?, ?, ?, ?)[0m  [["username", "Himelda"], ["password_digest", "123"], ["address", "648 Fermin View, Schmidtville, MN 55232"], ["email", "jeniffer_mante@dach.org"]]
  [1m[35m (0.6ms)[0m  [1m[36mcommit transaction[0m
  [1m[35m (0.0ms)[0m  [1m[36mbegin transaction[0m
  [1m[36mUser Create (0.3ms)[0m  [1m[32mINSERT INTO "users" ("username", "password_digest", "address", "email") VALUES (?, ?, ?, ?)[0m  [["username", "Venma"], ["password_digest", "123"], ["address", "2627 Johnston Turnpike, Port Tracy, UT 16037-0648"], ["email", "chris.murphy@hyatt.info"]]
  [1m[35m (0.6ms)[0m  [1m[36mcommit transaction[0m
  [1m[35m (0.0ms)[0m  [1m[36mbegin transaction[0m
  [1m[36mUser Create (0.3ms)[0m  [1m[32mINSERT INTO "users" ("username", "password_digest", "address", "email") VALUES (?, ?, ?, ?)[0m  [["username", "Brian"], ["password_digest", "123"], ["address", "Apt. 630 970 Darwin Road, Harberstad, NC 34049-5925"], ["email", "jay.wisozk@hoeger.co"]]
  [1m[35m (0.8ms)[0m  [1m[36mcommit transaction[0m
  [1m[35m (0.0ms)[0m  [1m[36mbegin transaction[0m
  [1m[36mUser Load (0.1ms)[0m  [1m[34mSELECT "users".* FROM "users" WHERE "users"."id" = ? LIMIT ?[0m  [["id", 16], ["LIMIT", 1]]
  [1m[36mPet Create (0.3ms)[0m  [1m[32mINSERT INTO "pets" ("user_id", "name", "pet_type", "breed", "size", "image") VALUES (?, ?, ?, ?, ?, ?)[0m  [["user_id", 16], ["name", "churro"], ["pet_type", "Dog"], ["breed", "chihuahua"], ["size", "small"], ["image", "https://encrypted-tbn0.gstatic.com/images?q=tbn%3AANd9GcTW9Y3IBK8fed90Tk7-ZNhsDpoUpbj-n2jxy6KI096p-gI7WYNp&usqp=CAU"]]
  [1m[35m (0.7ms)[0m  [1m[36mcommit transaction[0m
  [1m[35m (0.1ms)[0m  [1m[36mbegin transaction[0m
  [1m[36mUser Load (0.1ms)[0m  [1m[34mSELECT "users".* FROM "users" WHERE "users"."id" = ? LIMIT ?[0m  [["id", 17], ["LIMIT", 1]]
  [1m[36mPet Create (0.3ms)[0m  [1m[32mINSERT INTO "pets" ("user_id", "name", "pet_type", "breed", "size", "image") VALUES (?, ?, ?, ?, ?, ?)[0m  [["user_id", 17], ["name", "Dali"], ["pet_type", "Dog"], ["breed", "podengo"], ["size", "small"], ["image", "https://encrypted-tbn0.gstatic.com/images?q=tbn%3AANd9GcTW9Y3IBK8fed90Tk7-ZNhsDpoUpbj-n2jxy6KI096p-gI7WYNp&usqp=CAU"]]
  [1m[35m (0.7ms)[0m  [1m[36mcommit transaction[0m
  [1m[36mUser Load (0.1ms)[0m  [1m[34mSELECT "users".* FROM "users"[0m
  [1m[35m (0.0ms)[0m  [1m[36mbegin transaction[0m
  [1m[36mUser Load (0.1ms)[0m  [1m[34mSELECT "users".* FROM "users" WHERE "users"."id" = ? LIMIT ?[0m  [["id", 17], ["LIMIT", 1]]
  [1m[36mPet Create (0.3ms)[0m  [1m[32mINSERT INTO "pets" ("user_id", "name", "pet_type", "breed", "size", "image") VALUES (?, ?, ?, ?, ?, ?)[0m  [["user_id", 17], ["name", "Grump"], ["pet_type", "Cat"], ["breed", "maloroto"], ["size", "small"], ["image", "https://encrypted-tbn0.gstatic.com/images?q=tbn%3AANd9GcTW9Y3IBK8fed90Tk7-ZNhsDpoUpbj-n2jxy6KI096p-gI7WYNp&usqp=CAU"]]
  [1m[35m (0.7ms)[0m  [1m[36mcommit transaction[0m
  [1m[35m (0.0ms)[0m  [1m[36mbegin transaction[0m
  [1m[36mUser Load (0.1ms)[0m  [1m[34mSELECT "users".* FROM "users" WHERE "users"."id" = ? LIMIT ?[0m  [["id", 16], ["LIMIT", 1]]
  [1m[36mPet Load (0.1ms)[0m  [1m[34mSELECT "pets".* FROM "pets" WHERE "pets"."id" = ? LIMIT ?[0m  [["id", 16], ["LIMIT", 1]]
  [1m[36mBooking Create (0.3ms)[0m  [1m[32mINSERT INTO "bookings" ("user_id", "pet_id", "services", "client_notes", "fee") VALUES (?, ?, ?, ?, ?)[0m  [["user_id", 16], ["pet_id", 16], ["services", "platinum"], ["client_notes", "awesome"], ["fee", 10]]
  [1m[35m (0.6ms)[0m  [1m[36mcommit transaction[0m
  [1m[35m (0.0ms)[0m  [1m[36mbegin transaction[0m
  [1m[36mUser Load (0.1ms)[0m  [1m[34mSELECT "users".* FROM "users" WHERE "users"."id" = ? LIMIT ?[0m  [["id", 17], ["LIMIT", 1]]
  [1m[36mPet Load (0.0ms)[0m  [1m[34mSELECT "pets".* FROM "pets" WHERE "pets"."id" = ? LIMIT ?[0m  [["id", 17], ["LIMIT", 1]]
  [1m[36mBooking Create (0.2ms)[0m  [1m[32mINSERT INTO "bookings" ("user_id", "pet_id", "services", "client_notes", "fee") VALUES (?, ?, ?, ?, ?)[0m  [["user_id", 17], ["pet_id", 17], ["services", "gold"], ["client_notes", "nahh"], ["fee", 10]]
  [1m[35m (0.7ms)[0m  [1m[36mcommit transaction[0m
  [1m[35m (0.0ms)[0m  [1m[36mbegin transaction[0m
  [1m[36mUser Load (0.1ms)[0m  [1m[34mSELECT "users".* FROM "users" WHERE "users"."id" = ? LIMIT ?[0m  [["id", 16], ["LIMIT", 1]]
  [1m[36mReview Create (0.3ms)[0m  [1m[32mINSERT INTO "reviews" ("user_id", "text") VALUES (?, ?)[0m  [["user_id", 16], ["text", "Me encanto este lugar"]]
  [1m[35m (0.5ms)[0m  [1m[36mcommit transaction[0m
  [1m[35m (0.0ms)[0m  [1m[36mbegin transaction[0m
  [1m[36mUser Load (0.1ms)[0m  [1m[34mSELECT "users".* FROM "users" WHERE "users"."id" = ? LIMIT ?[0m  [["id", 17], ["LIMIT", 1]]
  [1m[36mReview Create (0.2ms)[0m  [1m[32mINSERT INTO "reviews" ("user_id", "text") VALUES (?, ?)[0m  [["user_id", 17], ["text", "Odio este lugar"]]
  [1m[35m (0.6ms)[0m  [1m[36mcommit transaction[0m
  [1m[35m (0.5ms)[0m  [1m[34mSELECT sqlite_version(*)[0m
  [1m[36mReview Load (0.3ms)[0m  [1m[34mSELECT "reviews".* FROM "reviews" LIMIT ?[0m  [["LIMIT", 11]]
  [1m[36mReview Load (0.2ms)[0m  [1m[34mSELECT "reviews".* FROM "reviews" LIMIT ?[0m  [["LIMIT", 11]]
  [1m[36mReview Load (0.2ms)[0m  [1m[34mSELECT "reviews".* FROM "reviews" LIMIT ?[0m  [["LIMIT", 11]]
  [1m[36mReview Load (0.2ms)[0m  [1m[34mSELECT "reviews".* FROM "reviews"[0m
  [1m[36mReview Load (0.2ms)[0m  [1m[34mSELECT "reviews".* FROM "reviews"[0m
  [1m[36mReview Load (0.2ms)[0m  [1m[34mSELECT "reviews".* FROM "reviews"[0m
  [1m[36mReview Load (0.2ms)[0m  [1m[34mSELECT "reviews".* FROM "reviews"[0m
  [1m[36mBooking Load (0.3ms)[0m  [1m[34mSELECT "bookings".* FROM "bookings" LIMIT ?[0m  [["LIMIT", 11]]
  [1m[36mBooking Load (0.3ms)[0m  [1m[34mSELECT "bookings".* FROM "bookings"[0m
  [1m[36mBooking Load (0.2ms)[0m  [1m[34mSELECT "bookings".* FROM "bookings"[0m
  [1m[36mUser Load (0.2ms)[0m  [1m[34mSELECT "users".* FROM "users" LIMIT ?[0m  [["LIMIT", 11]]
